<?xml version="1.0" encoding="UTF-8"?>
<testng-results ignored="6" total="7" passed="1" failed="0" skipped="0">
  <reporter-output>
  </reporter-output>
  <suite started-at="2022-10-21T03:59:38Z" name="Suite" finished-at="2022-10-21T04:00:48Z" duration-ms="70303">
    <groups>
      <group name="integration">
        <method signature="CreateLeadTest_2.createLeadTest()[pri:0, instance:testNG_Practice.CreateLeadTest_2@2e48362c]" name="createLeadTest" class="testNG_Practice.CreateLeadTest_2"/>
      </group> <!-- integration -->
    </groups>
    <test started-at="2022-10-21T03:59:38Z" name="Test" finished-at="2022-10-21T04:00:48Z" duration-ms="70303">
      <class name="testNG_Practice.CreateOrganisation">
        <test-method is-config="true" signature="connectDataBase()[pri:0, instance:testNG_Practice.CreateOrganisation@46b61c56]" started-at="2022-10-21T03:59:38Z" name="connectDataBase" finished-at="2022-10-21T03:59:38Z" duration-ms="13" status="PASS">
          <reporter-output>
          </reporter-output>
        </test-method> <!-- connectDataBase -->
        <test-method is-config="true" signature="disconnectDataBase()[pri:0, instance:testNG_Practice.CreateOrganisation@46b61c56]" started-at="2022-10-21T04:00:48Z" name="disconnectDataBase" finished-at="2022-10-21T04:00:48Z" duration-ms="0" status="PASS">
          <reporter-output>
          </reporter-output>
        </test-method> <!-- disconnectDataBase -->
      </class> <!-- testNG_Practice.CreateOrganisation -->
      <class name="testNG_Practice.CreateLeadTest_2">
        <test-method is-config="true" signature="launchTheBrowser()[pri:0, instance:testNG_Practice.CreateLeadTest_2@2e48362c]" started-at="2022-10-21T03:59:38Z" name="launchTheBrowser" finished-at="2022-10-21T03:59:59Z" duration-ms="21186" status="PASS">
          <reporter-output>
          </reporter-output>
        </test-method> <!-- launchTheBrowser -->
        <test-method is-config="true" signature="loginIntoPage()[pri:0, instance:testNG_Practice.CreateLeadTest_2@2e48362c]" started-at="2022-10-21T03:59:59Z" name="loginIntoPage" finished-at="2022-10-21T04:00:20Z" duration-ms="21209" status="PASS">
          <reporter-output>
          </reporter-output>
        </test-method> <!-- loginIntoPage -->
        <test-method signature="createLeadTest()[pri:0, instance:testNG_Practice.CreateLeadTest_2@2e48362c]" started-at="2022-10-21T04:00:20Z" name="createLeadTest" finished-at="2022-10-21T04:00:46Z" duration-ms="25894" status="PASS">
          <reporter-output>
          </reporter-output>
        </test-method> <!-- createLeadTest -->
        <test-method is-config="true" signature="logoutFromPage()[pri:0, instance:testNG_Practice.CreateLeadTest_2@2e48362c]" started-at="2022-10-21T04:00:46Z" name="logoutFromPage" finished-at="2022-10-21T04:00:48Z" duration-ms="1810" status="PASS">
          <reporter-output>
          </reporter-output>
        </test-method> <!-- logoutFromPage -->
        <test-method is-config="true" signature="closeTheBrowser()[pri:0, instance:testNG_Practice.CreateLeadTest_2@2e48362c]" started-at="2022-10-21T04:00:48Z" name="closeTheBrowser" finished-at="2022-10-21T04:00:48Z" duration-ms="159" status="PASS">
          <reporter-output>
          </reporter-output>
        </test-method> <!-- closeTheBrowser -->
      </class> <!-- testNG_Practice.CreateLeadTest_2 -->
    </test> <!-- Test -->
  </suite> <!-- Suite -->
</testng-results>
