<?xml version="1.0" encoding="UTF-8"?>
<!-- Generated by org.testng.reporters.JUnitXMLReporter -->
<testsuite ignored="6" hostname="DESKTOP-2MGUQIL" failures="0" tests="1" name="Test" time="70.303" errors="0" timestamp="21 Oct 2022 04:00:48 GMT">
  <testcase classname="testNG_Practice.CreateLeadTest_2" name="createLeadTest" time="25.894"/>
  <testcase classname="GenericUtility.BaseClass" name="@BeforeSuite connectDataBase" time="0.0">
    <ignored/>
  </testcase> <!-- @BeforeSuite connectDataBase -->
  <testcase classname="GenericUtility.BaseClass" name="@BeforeSuite connectDataBase" time="0.0">
    <ignored/>
  </testcase> <!-- @BeforeSuite connectDataBase -->
  <testcase classname="GenericUtility.BaseClass" name="@AfterSuite disconnectDataBase" time="0.0">
    <ignored/>
  </testcase> <!-- @AfterSuite disconnectDataBase -->
  <testcase classname="GenericUtility.BaseClass" name="@AfterSuite disconnectDataBase" time="0.0">
    <ignored/>
  </testcase> <!-- @AfterSuite disconnectDataBase -->
  <testcase classname="testNG_Practice.CreateOrganisation" name="createOrganisationOnly" time="0.0">
    <ignored/>
  </testcase> <!-- createOrganisationOnly -->
  <testcase classname="testNG_Practice.CreateContactWithOrgname" name="createContactWithOrgName" time="0.0">
    <ignored/>
  </testcase> <!-- createContactWithOrgName -->
</testsuite> <!-- Test -->
